<?xml version="1.0" encoding="UTF-8" ?>
<testsuite errors="1" failures="0" hostname="Casa" name="capaDominio.CjtAsignacionesTest" skipped="0" tests="4" time="0.078" timestamp="2018-11-16T01:25:36">
  <properties>
[...]
</properties>
  <testcase classname="capaDominio.CjtAsignacionesTest" name="testAddelement" time="0.005" />
  <testcase classname="capaDominio.CjtAsignacionesTest" name="testGet_asignaciones_ordenadas" time="0.0" />
  <testcase classname="capaDominio.CjtAsignacionesTest" name="testGetCjtA" time="0.001" />
  <testcase classname="capaDominio.CjtAsignacionesTest" name="testDelelement" time="0.004">
    <error message="Index: 0, Size: 0" type="java.lang.IndexOutOfBoundsException">java.lang.IndexOutOfBoundsException: Index: 0, Size: 0
	at java.util.ArrayList.rangeCheck(ArrayList.java:657)
	at java.util.ArrayList.get(ArrayList.java:433)
	at capaDominio.CjtAsignacionesTest.testDelelement(CjtAsignacionesTest.java:107)
</error>
  </testcase>
  <system-out><![CDATA[addelement
get_asignaciones_ordenadas
getCjtA
delelement
]]></system-out>
  <system-err><![CDATA[]]></system-err>
</testsuite>
